0 info it worked if it ends with ok
1 verbose cli [ 'node',
1 verbose cli   '/usr/local/bin/npm',
1 verbose cli   'i',
1 verbose cli   'grunt-contrib-concurrent',
1 verbose cli   '--save-dev' ]
2 info using npm@1.4.28
3 info using node@v0.10.32
4 verbose readDependencies using package.json deps
5 verbose cache add [ 'grunt-contrib-concurrent', null ]
6 verbose cache add name=undefined spec="grunt-contrib-concurrent" args=["grunt-contrib-concurrent",null]
7 verbose parsed url { protocol: null,
7 verbose parsed url   slashes: null,
7 verbose parsed url   auth: null,
7 verbose parsed url   host: null,
7 verbose parsed url   port: null,
7 verbose parsed url   hostname: null,
7 verbose parsed url   hash: null,
7 verbose parsed url   search: null,
7 verbose parsed url   query: null,
7 verbose parsed url   pathname: 'grunt-contrib-concurrent',
7 verbose parsed url   path: 'grunt-contrib-concurrent',
7 verbose parsed url   href: 'grunt-contrib-concurrent' }
8 silly lockFile 06ef22ac-grunt-contrib-concurrent grunt-contrib-concurrent
9 verbose lock grunt-contrib-concurrent /Users/dmitry/.npm/06ef22ac-grunt-contrib-concurrent.lock
10 silly lockFile 06ef22ac-grunt-contrib-concurrent grunt-contrib-concurrent
11 silly lockFile 06ef22ac-grunt-contrib-concurrent grunt-contrib-concurrent
12 verbose addNamed [ 'grunt-contrib-concurrent', '' ]
13 verbose addNamed [ null, '*' ]
14 silly lockFile bc5c1f85-grunt-contrib-concurrent grunt-contrib-concurrent@
15 verbose lock grunt-contrib-concurrent@ /Users/dmitry/.npm/bc5c1f85-grunt-contrib-concurrent.lock
16 silly addNameRange { name: 'grunt-contrib-concurrent', range: '*', hasData: false }
17 verbose request where is /grunt-contrib-concurrent
18 verbose request registry https://registry.npmjs.org/
19 verbose request id 9683effda6a47ed0
20 verbose url raw /grunt-contrib-concurrent
21 verbose url resolving [ 'https://registry.npmjs.org/', './grunt-contrib-concurrent' ]
22 verbose url resolved https://registry.npmjs.org/grunt-contrib-concurrent
23 verbose request where is https://registry.npmjs.org/grunt-contrib-concurrent
24 info trying registry request attempt 1 at 20:28:30
25 http GET https://registry.npmjs.org/grunt-contrib-concurrent
26 http 404 https://registry.npmjs.org/grunt-contrib-concurrent
27 verbose headers { date: 'Wed, 29 Oct 2014 17:28:31 GMT',
27 verbose headers   server: 'CouchDB/1.5.0 (Erlang OTP/R16B03)',
27 verbose headers   'content-type': 'application/json',
27 verbose headers   'cache-control': 'max-age=0',
27 verbose headers   'content-length': '52',
27 verbose headers   'accept-ranges': 'bytes',
27 verbose headers   via: '1.1 varnish',
27 verbose headers   age: '0',
27 verbose headers   'x-served-by': 'cache-fra1237-FRA',
27 verbose headers   'x-cache': 'MISS',
27 verbose headers   'x-cache-hits': '0',
27 verbose headers   'x-timer': 'S1414603710.849489,VS0,VE711',
27 verbose headers   'keep-alive': 'timeout=10, max=50',
27 verbose headers   connection: 'Keep-Alive' }
28 silly registry.get cb [ 404,
28 silly registry.get   { date: 'Wed, 29 Oct 2014 17:28:31 GMT',
28 silly registry.get     server: 'CouchDB/1.5.0 (Erlang OTP/R16B03)',
28 silly registry.get     'content-type': 'application/json',
28 silly registry.get     'cache-control': 'max-age=0',
28 silly registry.get     'content-length': '52',
28 silly registry.get     'accept-ranges': 'bytes',
28 silly registry.get     via: '1.1 varnish',
28 silly registry.get     age: '0',
28 silly registry.get     'x-served-by': 'cache-fra1237-FRA',
28 silly registry.get     'x-cache': 'MISS',
28 silly registry.get     'x-cache-hits': '0',
28 silly registry.get     'x-timer': 'S1414603710.849489,VS0,VE711',
28 silly registry.get     'keep-alive': 'timeout=10, max=50',
28 silly registry.get     connection: 'Keep-Alive' } ]
29 silly lockFile bc5c1f85-grunt-contrib-concurrent grunt-contrib-concurrent@
30 silly lockFile bc5c1f85-grunt-contrib-concurrent grunt-contrib-concurrent@
31 error 404 404 Not Found: grunt-contrib-concurrent
31 error 404
31 error 404 'grunt-contrib-concurrent' is not in the npm registry.
31 error 404 You should bug the author to publish it
31 error 404 It was specified as a dependency of 'uno'
31 error 404
31 error 404 Note that you can also install from a
31 error 404 tarball, folder, or http url, or git url.
32 error System Darwin 14.0.0
33 error command "node" "/usr/local/bin/npm" "i" "grunt-contrib-concurrent" "--save-dev"
34 error cwd /Users/dmitry/dev/uno
35 error node -v v0.10.32
36 error npm -v 1.4.28
37 error code E404
38 verbose exit [ 1, true ]
